2025-07-21 01:07:01.826 [info] Reading sessions from keychain...
2025-07-21 01:07:01.826 [info] Getting sessions for all scopes...
2025-07-21 01:07:01.826 [info] Got 0 sessions for ...
2025-07-21 01:07:01.826 [info] Getting sessions for all scopes...
2025-07-21 01:07:01.826 [info] Got 0 sessions for ...
2025-07-21 01:07:01.826 [info] Getting sessions for all scopes...
2025-07-21 01:07:01.826 [info] Got 0 sessions for ...
2025-07-21 01:07:01.837 [info] Getting sessions for all scopes...
2025-07-21 01:07:01.837 [info] Got 0 sessions for ...
2025-07-21 01:07:01.837 [info] Getting sessions for all scopes...
2025-07-21 01:07:01.837 [info] Got 0 sessions for ...
2025-07-21 01:07:01.837 [info] Getting sessions for all scopes...
2025-07-21 01:07:01.837 [info] Got 0 sessions for ...
2025-07-21 01:07:01.837 [info] Getting sessions for all scopes...
2025-07-21 01:07:01.838 [info] Got 0 sessions for ...
2025-07-21 01:07:01.838 [info] Getting sessions for all scopes...
2025-07-21 01:07:01.838 [info] Got 0 sessions for ...
2025-07-21 01:07:01.861 [info] Getting sessions for all scopes...
2025-07-21 01:07:01.861 [info] Got 0 sessions for ...
2025-07-21 01:07:01.862 [info] Getting sessions for all scopes...
2025-07-21 01:07:01.862 [info] Got 0 sessions for ...
2025-07-21 01:07:01.867 [info] Getting sessions for all scopes...
2025-07-21 01:07:01.867 [info] Got 0 sessions for ...
2025-07-21 01:07:01.867 [info] Getting sessions for all scopes...
2025-07-21 01:07:01.867 [info] Got 0 sessions for ...
2025-07-21 01:07:01.868 [info] Getting sessions for all scopes...
2025-07-21 01:07:01.868 [info] Got 0 sessions for ...
2025-07-21 01:07:01.868 [info] Getting sessions for all scopes...
2025-07-21 01:07:01.868 [info] Got 0 sessions for ...
2025-07-21 01:07:02.303 [info] Getting sessions for all scopes...
2025-07-21 01:07:02.303 [info] Got 0 sessions for ...
2025-07-21 01:07:03.308 [info] Getting sessions for all scopes...
2025-07-21 01:07:03.308 [info] Got 0 sessions for ...
2025-07-21 01:07:03.309 [info] Getting sessions for all scopes...
2025-07-21 01:07:03.309 [info] Got 0 sessions for ...
2025-07-21 01:07:03.318 [info] Getting sessions for all scopes...
2025-07-21 01:07:03.318 [info] Got 0 sessions for ...
2025-07-21 01:07:04.629 [info] Getting sessions for read:user,repo,user:email,workflow...
2025-07-21 01:07:04.629 [info] Got 0 sessions for read:user,repo,user:email,workflow...
